<?xml version="1.0" encoding="UTF-8"?>
<testsuite name="com.hi.design_pattern._01_creational_patterns._03_abstract_factory.ClientTest" tests="1" skipped="0" failures="0" errors="0" timestamp="2024-04-15T05:12:53" hostname="DESKTOP-3AG51NI" time="0.269">
  <properties/>
  <testcase name="추상팩토리()" classname="com.hi.design_pattern._01_creational_patterns._03_abstract_factory.ClientTest" time="0.269"/>
  <system-out><![CDATA[ship = Ship{name='키움질주SHIP', color='null', price=null, wheel=com.hi.design_pattern._01_creational_patterns._03_abstract_factory.product.WhiteWheel@24bdb479, anchor=com.hi.design_pattern._01_creational_patterns._03_abstract_factory.product.WhiteAnchor@7e3f95fe}
]]></system-out>
  <system-err><![CDATA[]]></system-err>
</testsuite>
